Dataset/Injected-Faults/OwnTracks/OwnTracks-Defeito-2/project/app/build/outputs/logs/manifest-merger-debug-report.txt
-- Merging decision tree log ---
provider#androidx.work.impl.WorkManagerInitializer
INJECTED from src/main/AndroidManifest.xml:55:9-60:51
MERGED from [androidx.work:work-runtime:2.5.0] AndroidManifest.xml:31:9-37:35
MERGED from [androidx.work:work-runtime:2.5.0] AndroidManifest.xml:31:9-37:35
	android:enabled
		ADDED from src/main/AndroidManifest.xml:58:13-36
	android:authorities
		INJECTED from src/main/AndroidManifest.xml
		ADDED from src/main/AndroidManifest.xml:57:13-68
		REJECTED from [androidx.work:work-runtime:2.5.0] AndroidManifest.xml:33:13-68
	android:multiprocess
		ADDED from [androidx.work:work-runtime:2.5.0] AndroidManifest.xml:36:13-40
	android:exported
		ADDED from src/main/AndroidManifest.xml:59:13-37
	tools:targetApi
		ADDED from [androidx.work:work-runtime:2.5.0] AndroidManifest.xml:37:13-32
	android:directBootAware
		ADDED from [androidx.work:work-runtime:2.5.0] AndroidManifest.xml:34:13-44
	tools:replace
		ADDED from src/main/AndroidManifest.xml:60:13-48
	android:name
		ADDED from src/main/AndroidManifest.xml:56:13-69
provider#org.owntracks.android.ui.status.LogViewerActivity$ExportedLogContentProvider
INJECTED from src/main/AndroidManifest.xml:253:9-257:50
	android:grantUriPermissions
		ADDED from src/main/AndroidManifest.xml:257:13-47
	android:authorities
		INJECTED from src/main/AndroidManifest.xml
		ADDED from src/main/AndroidManifest.xml:255:13-55
	android:exported
		ADDED from src/main/AndroidManifest.xml:256:13-37
	android:name
		ADDED from src/main/AndroidManifest.xml:254:13-83
manifest
ADDED from src/main/AndroidManifest.xml:2:1-260:12
INJECTED from src/main/AndroidManifest.xml:2:1-260:12
INJECTED from src/main/AndroidManifest.xml:2:1-260:12
INJECTED from src/main/AndroidManifest.xml:2:1-260:12
MERGED from [io.objectbox:objectbox-android:2.8.1] AndroidManifest.xml:2:1-25:12
MERGED from [androidx.databinding:databinding-adapters:4.1.2] AndroidManifest.xml:17:1-24:12
MERGED from [androidx.databinding:databinding-runtime:4.1.2] AndroidManifest.xml:17:1-24:12
MERGED from [androidx.databinding:viewbinding:4.1.2] AndroidManifest.xml:17:1-22:12
MERGED from [com.takisoft.preferencex:preferencex:1.1.0] AndroidManifest.xml:2:1-9:12
MERGED from [androidx.preference:preference:1.1.1] AndroidManifest.xml:17:1-24:12
MERGED from [com.mikepenz:materialdrawer:6.1.2] AndroidManifest.xml:2:1-11:12
MERGED from [com.mikepenz:materialize:1.2.1] AndroidManifest.xml:2:1-11:12
MERGED from [com.google.android.material:material:1.3.0] AndroidManifest.xml:17:1-24:12
MERGED from [androidx.work:work-runtime:2.5.0] AndroidManifest.xml:17:1-143:12
MERGED from [org.conscrypt:conscrypt-android:2.5.1] AndroidManifest.xml:2:1-13:12
MERGED from [com.google.android.gms:play-services-maps:17.0.0] AndroidManifest.xml:17:1-38:12
MERGED from [com.google.android.gms:play-services-location:17.1.0] AndroidManifest.xml:2:1-9:12
MERGED from [com.google.dagger:dagger-android-support:2.32] AndroidManifest.xml:17:1-22:12
MERGED from [com.google.dagger:dagger-android:2.32] AndroidManifest.xml:17:1-22:12
MERGED from [com.jakewharton.timber:timber:4.7.1] AndroidManifest.xml:2:1-9:12
MERGED from [com.github.joshjdevl.libsodiumjni:libsodium-jni-aar:2.0.2] AndroidManifest.xml:2:1-14:12
MERGED from [com.rengwuxian.materialedittext:library:2.1.4] AndroidManifest.xml:2:1-10:12
MERGED from [androidx.core:core-ktx:1.3.2] AndroidManifest.xml:2:1-9:12
MERGED from [androidx.test.espresso:espresso-idling-resource:3.3.0] AndroidManifest.xml:17:1-24:12
MERGED from [androidx.test.uiautomator:uiautomator:2.2.0] AndroidManifest.xml:17:1-24:12
MERGED from [androidx.cardview:cardview:1.0.0] AndroidManifest.xml:17:1-22:12
MERGED from [androidx.coordinatorlayout:coordinatorlayout:1.1.0] AndroidManifest.xml:17:1-24:12
MERGED from [androidx.transition:transition:1.2.0] AndroidManifest.xml:17:1-24:12
MERGED from [androidx.constraintlayout:constraintlayout:2.0.1] AndroidManifest.xml:2:1-11:12
MERGED from [com.mikepenz:iconics-core:3.1.0] AndroidManifest.xml:2:1-11:12
MERGED from [com.mikepenz:fastadapter-extensions-expandable:3.3.0] AndroidManifest.xml:2:1-11:12
MERGED from [com.mikepenz:fastadapter-commons:3.3.0] AndroidManifest.xml:2:1-11:12
MERGED from [com.mikepenz:fastadapter:3.3.0] AndroidManifest.xml:2:1-11:12
MERGED from [androidx.appcompat:appcompat:1.2.0] AndroidManifest.xml:17:1-24:12
MERGED from [androidx.appcompat:appcompat-resources:1.2.0] AndroidManifest.xml:17:1-24:12
MERGED from [androidx.vectordrawable:vectordrawable-animated:1.1.0] AndroidManifest.xml:17:1-24:12
MERGED from [androidx.vectordrawable:vectordrawable:1.1.0] AndroidManifest.xml:17:1-24:12
MERGED from [androidx.viewpager2:viewpager2:1.0.0] AndroidManifest.xml:17:1-24:12
MERGED from [androidx.room:room-runtime:2.2.5] AndroidManifest.xml:17:1-31:12
MERGED from [androidx.sqlite:sqlite-framework:2.1.0] AndroidManifest.xml:17:1-24:12
MERGED from [androidx.sqlite:sqlite:2.1.0] AndroidManifest.xml:17:1-24:12
MERGED from [com.google.android.gms:play-services-base:17.3.0] AndroidManifest.xml:17:1-29:12
MERGED from [com.google.android.gms:play-services-places-placereport:17.0.0] AndroidManifest.xml:17:1-24:12
MERGED from [com.google.android.gms:play-services-tasks:17.1.0] AndroidManifest.xml:2:1-9:12
MERGED from [com.google.android.gms:play-services-basement:17.3.0] AndroidManifest.xml:17:1-28:12
MERGED from [androidx.fragment:fragment:1.2.5] AndroidManifest.xml:17:1-24:12
MERGED from [androidx.dynamicanimation:dynamicanimation:1.0.0] AndroidManifest.xml:17:1-22:12
MERGED from [androidx.recyclerview:recyclerview:1.1.0] AndroidManifest.xml:17:1-24:12
MERGED from [androidx.drawerlayout:drawerlayout:1.0.0] AndroidManifest.xml:17:1-22:12
MERGED from [androidx.viewpager:viewpager:1.0.0] AndroidManifest.xml:17:1-22:12
MERGED from [androidx.customview:customview:1.0.0] AndroidManifest.xml:17:1-22:12
MERGED from [androidx.legacy:legacy-support-core-utils:1.0.0] AndroidManifest.xml:17:1-22:12
MERGED from [androidx.loader:loader:1.0.0] AndroidManifest.xml:17:1-22:12
MERGED from [androidx.activity:activity:1.1.0] AndroidManifest.xml:17:1-24:12
MERGED from [androidx.core:core:1.3.2] AndroidManifest.xml:17:1-26:12
MERGED from [androidx.versionedparcelable:versionedparcelable:1.1.0] AndroidManifest.xml:17:1-27:12
MERGED from [androidx.lifecycle:lifecycle-livedata:2.1.0] AndroidManifest.xml:17:1-22:12
MERGED from [androidx.lifecycle:lifecycle-viewmodel-savedstate:2.2.0] AndroidManifest.xml:17:1-24:12
MERGED from [androidx.lifecycle:lifecycle-livedata-core:2.2.0] AndroidManifest.xml:17:1-24:12
MERGED from [androidx.arch.core:core-runtime:2.1.0] AndroidManifest.xml:17:1-24:12
MERGED from [androidx.lifecycle:lifecycle-service:2.1.0] AndroidManifest.xml:17:1-22:12
MERGED from [androidx.lifecycle:lifecycle-runtime:2.2.0] AndroidManifest.xml:17:1-24:12
MERGED from [androidx.savedstate:savedstate:1.0.0] AndroidManifest.xml:17:1-24:12
MERGED from [androidx.cursoradapter:cursoradapter:1.0.0] AndroidManifest.xml:17:1-22:12
MERGED from [androidx.lifecycle:lifecycle-viewmodel:2.2.0] AndroidManifest.xml:17:1-24:12
MERGED from [androidx.documentfile:documentfile:1.0.0] AndroidManifest.xml:17:1-22:12
MERGED from [androidx.localbroadcastmanager:localbroadcastmanager:1.0.0] AndroidManifest.xml:17:1-22:12
MERGED from [androidx.print:print:1.0.0] AndroidManifest.xml:17:1-22:12
MERGED from [androidx.interpolator:interpolator:1.0.0] AndroidManifest.xml:17:1-22:12
MERGED from [androidx.annotation:annotation-experimental:1.0.0] AndroidManifest.xml:17:1-24:12
MERGED from [com.google.dagger:dagger-lint-aar:2.32] AndroidManifest.xml:16:1-19:12
INJECTED from src/main/AndroidManifest.xml:2:1-260:12
INJECTED from src/main/AndroidManifest.xml:2:1-260:12
INJECTED from src/main/AndroidManifest.xml:2:1-260:12
	package
		ADDED from src/main/AndroidManifest.xml:4:5-36
		INJECTED from src/main/AndroidManifest.xml
		INJECTED from src/main/AndroidManifest.xml
	android:versionName
		INJECTED from src/main/AndroidManifest.xml
		ADDED from src/main/AndroidManifest.xml:2:1-260:12
		INJECTED from src/main/AndroidManifest.xml
	xmlns:tools
		ADDED from src/main/AndroidManifest.xml:3:5-51
	android:versionCode
		INJECTED from src/main/AndroidManifest.xml
		ADDED from src/main/AndroidManifest.xml:2:1-260:12
		INJECTED from src/main/AndroidManifest.xml
	xmlns:android
		ADDED from src/main/AndroidManifest.xml:2:11-69
uses-feature#0x00020000
ADDED from src/main/AndroidManifest.xml:6:5-8:35
MERGED from [com.google.android.gms:play-services-maps:17.0.0] AndroidManifest.xml:26:5-28:35
MERGED from [com.google.android.gms:play-services-maps:17.0.0] AndroidManifest.xml:26:5-28:35
	android:glEsVersion
		ADDED from src/main/AndroidManifest.xml:7:9-41
	android:required
		ADDED from src/main/AndroidManifest.xml:8:9-32
uses-feature#android.hardware.location.gps
ADDED from src/main/AndroidManifest.xml:10:5-13:54
	tools:ignore
		ADDED from src/main/AndroidManifest.xml:13:9-51
	android:required
		ADDED from src/main/AndroidManifest.xml:12:9-32
	android:name
		ADDED from src/main/AndroidManifest.xml:11:9-53
uses-permission#android.permission.INTERNET
ADDED from src/main/AndroidManifest.xml:15:5-67
MERGED from [com.google.android.gms:play-services-maps:17.0.0] AndroidManifest.xml:24:5-67
MERGED from [com.google.android.gms:play-services-maps:17.0.0] AndroidManifest.xml:24:5-67
	android:name
		ADDED from src/main/AndroidManifest.xml:15:22-64
uses-permission#android.permission.ACCESS_NETWORK_STATE
ADDED from src/main/AndroidManifest.xml:17:5-79
MERGED from [androidx.work:work-runtime:2.5.0] AndroidManifest.xml:26:5-79
MERGED from [androidx.work:work-runtime:2.5.0] AndroidManifest.xml:26:5-79
MERGED from [com.google.android.gms:play-services-maps:17.0.0] AndroidManifest.xml:23:5-79
MERGED from [com.google.android.gms:play-services-maps:17.0.0] AndroidManifest.xml:23:5-79
	android:name
		ADDED from src/main/AndroidManifest.xml:17:22-76
uses-permission#android.permission.WAKE_LOCK
ADDED from src/main/AndroidManifest.xml:19:5-68
MERGED from [androidx.work:work-runtime:2.5.0] AndroidManifest.xml:25:5-68
MERGED from [androidx.work:work-runtime:2.5.0] AndroidManifest.xml:25:5-68
	android:name
		ADDED from src/main/AndroidManifest.xml:19:22-65
uses-permission#android.permission.RECEIVE_BOOT_COMPLETED
ADDED from src/main/AndroidManifest.xml:21:5-81
MERGED from [androidx.work:work-runtime:2.5.0] AndroidManifest.xml:27:5-81
MERGED from [androidx.work:work-runtime:2.5.0] AndroidManifest.xml:27:5-81
	android:name
		ADDED from src/main/AndroidManifest.xml:21:22-78
uses-permission#android.permission.READ_EXTERNAL_STORAGE
ADDED from src/main/AndroidManifest.xml:23:5-80
	android:name
		ADDED from src/main/AndroidManifest.xml:23:22-77
uses-permission#android.permission.ACCESS_FINE_LOCATION
ADDED from src/main/AndroidManifest.xml:27:5-79
	android:name
		ADDED from src/main/AndroidManifest.xml:27:22-76
uses-permission#com.google.android.providers.gsf.permission.READ_GSERVICES
ADDED from src/main/AndroidManifest.xml:30:5-98
	android:name
		ADDED from src/main/AndroidManifest.xml:30:22-95
uses-permission#android.permission.FOREGROUND_SERVICE
ADDED from src/main/AndroidManifest.xml:33:5-77
MERGED from [androidx.work:work-runtime:2.5.0] AndroidManifest.xml:28:5-77
MERGED from [androidx.work:work-runtime:2.5.0] AndroidManifest.xml:28:5-77
	android:name
		ADDED from src/main/AndroidManifest.xml:33:22-74
uses-permission#android.permission.BLUETOOTH
ADDED from src/main/AndroidManifest.xml:35:5-67
	android:name
		ADDED from src/main/AndroidManifest.xml:35:22-65
uses-permission#android.permission.BLUETOOTH_ADMIN
ADDED from src/main/AndroidManifest.xml:36:5-73
	android:name
		ADDED from src/main/AndroidManifest.xml:36:22-71
uses-permission#android.permission.ACCESS_WIFI_STATE
ADDED from src/main/AndroidManifest.xml:37:5-75
	android:name
		ADDED from src/main/AndroidManifest.xml:37:22-73
application
ADDED from src/main/AndroidManifest.xml:39:5-258:19
MERGED from [io.objectbox:objectbox-android:2.8.1] AndroidManifest.xml:21:5-23:31
MERGED from [io.objectbox:objectbox-android:2.8.1] AndroidManifest.xml:21:5-23:31
MERGED from [com.google.android.material:material:1.3.0] AndroidManifest.xml:22:5-20
MERGED from [com.google.android.material:material:1.3.0] AndroidManifest.xml:22:5-20
MERGED from [androidx.work:work-runtime:2.5.0] AndroidManifest.xml:30:5-141:19
MERGED from [androidx.work:work-runtime:2.5.0] AndroidManifest.xml:30:5-141:19
MERGED from [org.conscrypt:conscrypt-android:2.5.1] AndroidManifest.xml:11:5-20
MERGED from [org.conscrypt:conscrypt-android:2.5.1] AndroidManifest.xml:11:5-20
MERGED from [com.google.android.gms:play-services-maps:17.0.0] AndroidManifest.xml:30:5-36:19
MERGED from [com.google.android.gms:play-services-maps:17.0.0] AndroidManifest.xml:30:5-36:19
MERGED from [com.google.android.gms:play-services-location:17.1.0] AndroidManifest.xml:7:5-20
MERGED from [com.google.android.gms:play-services-location:17.1.0] AndroidManifest.xml:7:5-20
MERGED from [com.jakewharton.timber:timber:4.7.1] AndroidManifest.xml:7:5-20
MERGED from [com.jakewharton.timber:timber:4.7.1] AndroidManifest.xml:7:5-20
MERGED from [com.github.joshjdevl.libsodiumjni:libsodium-jni-aar:2.0.2] AndroidManifest.xml:11:5-12:19
MERGED from [com.github.joshjdevl.libsodiumjni:libsodium-jni-aar:2.0.2] AndroidManifest.xml:11:5-12:19
MERGED from [androidx.test.uiautomator:uiautomator:2.2.0] AndroidManifest.xml:22:5-20
MERGED from [androidx.test.uiautomator:uiautomator:2.2.0] AndroidManifest.xml:22:5-20
MERGED from [androidx.constraintlayout:constraintlayout:2.0.1] AndroidManifest.xml:9:5-20
MERGED from [androidx.constraintlayout:constraintlayout:2.0.1] AndroidManifest.xml:9:5-20
MERGED from [androidx.room:room-runtime:2.2.5] AndroidManifest.xml:24:5-29:19
MERGED from [androidx.room:room-runtime:2.2.5] AndroidManifest.xml:24:5-29:19
MERGED from [com.google.android.gms:play-services-base:17.3.0] AndroidManifest.xml:22:5-27:19
MERGED from [com.google.android.gms:play-services-base:17.3.0] AndroidManifest.xml:22:5-27:19
MERGED from [com.google.android.gms:play-services-places-placereport:17.0.0] AndroidManifest.xml:22:5-20
MERGED from [com.google.android.gms:play-services-places-placereport:17.0.0] AndroidManifest.xml:22:5-20
MERGED from [com.google.android.gms:play-services-tasks:17.1.0] AndroidManifest.xml:7:5-20
MERGED from [com.google.android.gms:play-services-tasks:17.1.0] AndroidManifest.xml:7:5-20
MERGED from [com.google.android.gms:play-services-basement:17.3.0] AndroidManifest.xml:22:5-26:19
MERGED from [com.google.android.gms:play-services-basement:17.3.0] AndroidManifest.xml:22:5-26:19
MERGED from [androidx.core:core:1.3.2] AndroidManifest.xml:24:5-89
MERGED from [androidx.core:core:1.3.2] AndroidManifest.xml:24:5-89
MERGED from [androidx.versionedparcelable:versionedparcelable:1.1.0] AndroidManifest.xml:24:5-25:19
MERGED from [androidx.versionedparcelable:versionedparcelable:1.1.0] AndroidManifest.xml:24:5-25:19
	android:extractNativeLibs
		ADDED from src/main/AndroidManifest.xml:42:9-42
	tools:ignore
		ADDED from src/main/AndroidManifest.xml:51:9-39
	android:roundIcon
		ADDED from src/main/AndroidManifest.xml:48:9-48
	android:icon
		ADDED from src/main/AndroidManifest.xml:45:9-43
	android:networkSecurityConfig
		ADDED from src/main/AndroidManifest.xml:47:9-69
	android:appComponentFactory
		ADDED from [androidx.core:core:1.3.2] AndroidManifest.xml:24:18-86
	android:supportsRtl
		ADDED from src/main/AndroidManifest.xml:49:9-35
	android:label
		ADDED from src/main/AndroidManifest.xml:46:9-41
	android:hardwareAccelerated
		ADDED from src/main/AndroidManifest.xml:44:9-43
	android:fullBackupContent
		ADDED from src/main/AndroidManifest.xml:43:9-59
	tools:targetApi
		ADDED from [io.objectbox:objectbox-android:2.8.1] AndroidManifest.xml:23:9-28
	android:allowBackup
		ADDED from src/main/AndroidManifest.xml:41:9-35
		REJECTED from [com.github.joshjdevl.libsodiumjni:libsodium-jni-aar:2.0.2] AndroidManifest.xml:11:18-45
	android:theme
		ADDED from src/main/AndroidManifest.xml:50:9-47
	tools:replace
		ADDED from src/main/AndroidManifest.xml:52:9-44
	android:name
		ADDED from src/main/AndroidManifest.xml:40:9-28
uses-library#org.apache.http.legacy
ADDED from src/main/AndroidManifest.xml:63:9-65:40
MERGED from [com.google.android.gms:play-services-maps:17.0.0] AndroidManifest.xml:33:9-35:40
MERGED from [com.google.android.gms:play-services-maps:17.0.0] AndroidManifest.xml:33:9-35:40
	android:required
		ADDED from src/main/AndroidManifest.xml:65:13-37
	android:name
		ADDED from src/main/AndroidManifest.xml:64:13-50
meta-data#com.google.android.geo.API_KEY
ADDED from src/main/AndroidManifest.xml:67:9-69:59
	android:value
		ADDED from src/main/AndroidManifest.xml:69:13-56
	android:name
		ADDED from src/main/AndroidManifest.xml:68:13-58
meta-data#android.support.PARENT_ACTIVITY
ADDED from src/main/AndroidManifest.xml:71:9-73:51
	android:value
		ADDED from src/main/AndroidManifest.xml:73:13-48
	android:name
		ADDED from src/main/AndroidManifest.xml:72:13-59
meta-data#firebase_analytics_collection_deactivated
ADDED from src/main/AndroidManifest.xml:75:9-77:36
	android:value
		ADDED from src/main/AndroidManifest.xml:77:13-33
	android:name
		ADDED from src/main/AndroidManifest.xml:76:13-69
activity#org.owntracks.android.ui.regions.RegionsActivity
ADDED from src/main/AndroidManifest.xml:79:9-82:46
	android:label
		ADDED from src/main/AndroidManifest.xml:81:13-59
	android:launchMode
		ADDED from src/main/AndroidManifest.xml:82:13-43
	android:name
		ADDED from src/main/AndroidManifest.xml:80:13-55
activity#org.owntracks.android.ui.region.RegionActivity
ADDED from src/main/AndroidManifest.xml:83:9-90:20
	android:label
		ADDED from src/main/AndroidManifest.xml:85:13-58
	android:launchMode
		ADDED from src/main/AndroidManifest.xml:86:13-43
	android:name
		ADDED from src/main/AndroidManifest.xml:84:13-53
activity#org.owntracks.android.ui.preferences.PreferencesActivity
ADDED from src/main/AndroidManifest.xml:91:9-95:64
	android:parentActivityName
		ADDED from src/main/AndroidManifest.xml:95:13-61
	android:label
		ADDED from src/main/AndroidManifest.xml:94:13-63
	android:hardwareAccelerated
		ADDED from src/main/AndroidManifest.xml:93:13-47
	android:name
		ADDED from src/main/AndroidManifest.xml:92:13-63
activity#org.owntracks.android.ui.preferences.editor.EditorActivity
ADDED from src/main/AndroidManifest.xml:97:9-105:20
	android:parentActivityName
		ADDED from src/main/AndroidManifest.xml:101:13-77
	android:label
		ADDED from src/main/AndroidManifest.xml:100:13-60
	android:configChanges
		ADDED from src/main/AndroidManifest.xml:99:13-48
	android:name
		ADDED from src/main/AndroidManifest.xml:98:13-65
activity#org.owntracks.android.ui.preferences.load.LoadActivity
ADDED from src/main/AndroidManifest.xml:107:9-166:20
	android:label
		ADDED from src/main/AndroidManifest.xml:110:13-45
	android:launchMode
		ADDED from src/main/AndroidManifest.xml:111:13-44
	android:configChanges
		ADDED from src/main/AndroidManifest.xml:109:13-48
	android:name
		ADDED from src/main/AndroidManifest.xml:108:13-61
intent-filter#action:name:android.intent.action.VIEW+category:name:android.intent.category.DEFAULT+data:host:*+data:mimeType:*/*+data:pathPattern:.*\\..*\\.otrc+data:scheme:content
ADDED from src/main/AndroidManifest.xml:114:13-122:29
action#android.intent.action.VIEW
ADDED from src/main/AndroidManifest.xml:115:17-69
	android:name
		ADDED from src/main/AndroidManifest.xml:115:25-66
category#android.intent.category.DEFAULT
ADDED from src/main/AndroidManifest.xml:116:17-76
	android:name
		ADDED from src/main/AndroidManifest.xml:116:27-73
data
ADDED from src/main/AndroidManifest.xml:117:17-121:48
	android:path
		ADDED from src/main/AndroidManifest.xml:142:21-43
	android:host
		ADDED from src/main/AndroidManifest.xml:118:21-37
	android:scheme
		ADDED from src/main/AndroidManifest.xml:121:21-45
	android:pathPattern
		ADDED from src/main/AndroidManifest.xml:120:21-57
	tools:ignore
		ADDED from src/main/AndroidManifest.xml:144:21-51
	android:mimeType
		ADDED from src/main/AndroidManifest.xml:119:21-43
intent-filter#action:name:android.intent.action.VIEW+category:name:android.intent.category.DEFAULT+data:host:*+data:mimeType:*/*+data:pathPattern:.*\\..*\\..*\\.otrc+data:scheme:content
ADDED from src/main/AndroidManifest.xml:125:13-133:29
intent-filter#action:name:android.intent.action.VIEW+category:name:android.intent.category.BROWSABLE+category:name:android.intent.category.DEFAULT+data:host:+data:path:/config+data:scheme:owntracks
ADDED from src/main/AndroidManifest.xml:134:13-145:29
category#android.intent.category.BROWSABLE
ADDED from src/main/AndroidManifest.xml:138:17-78
	android:name
		ADDED from src/main/AndroidManifest.xml:138:27-75
intent-filter#action:name:android.intent.action.VIEW+category:name:android.intent.category.DEFAULT+data:mimeType:text/plain
ADDED from src/main/AndroidManifest.xml:146:13-150:29
	tools:ignore
		ADDED from src/main/AndroidManifest.xml:146:28-83
intent-filter#action:name:android.intent.action.VIEW+category:name:android.intent.category.DEFAULT+data:mimeType:application/json
ADDED from src/main/AndroidManifest.xml:151:13-155:29
	tools:ignore
		ADDED from src/main/AndroidManifest.xml:151:28-83
intent-filter#action:name:android.intent.action.VIEW+category:name:android.intent.category.DEFAULT+data:mimeType:application/otrc
ADDED from src/main/AndroidManifest.xml:156:13-160:29
	tools:ignore
		ADDED from src/main/AndroidManifest.xml:156:28-83
intent-filter#action:name:android.intent.action.VIEW+category:name:android.intent.category.DEFAULT+data:mimeType:application/octet-stream
ADDED from src/main/AndroidManifest.xml:161:13-165:29
	tools:ignore
		ADDED from src/main/AndroidManifest.xml:161:28-83
provider#androidx.core.content.FileProvider
ADDED from src/main/AndroidManifest.xml:168:9-176:20
	android:grantUriPermissions
		ADDED from src/main/AndroidManifest.xml:172:13-47
	android:authorities
		ADDED from src/main/AndroidManifest.xml:170:13-69
	android:exported
		ADDED from src/main/AndroidManifest.xml:171:13-37
	android:name
		ADDED from src/main/AndroidManifest.xml:169:13-62
meta-data#android.support.FILE_PROVIDER_PATHS
ADDED from src/main/AndroidManifest.xml:173:13-175:53
	android:resource
		ADDED from src/main/AndroidManifest.xml:175:17-50
	android:name
		ADDED from src/main/AndroidManifest.xml:174:17-67
service#org.owntracks.android.services.BackgroundService
ADDED from src/main/AndroidManifest.xml:178:9-192:19
	android:enabled
		ADDED from src/main/AndroidManifest.xml:180:13-35
	android:exported
		ADDED from src/main/AndroidManifest.xml:181:13-36
	tools:ignore
		ADDED from src/main/AndroidManifest.xml:183:13-43
	android:foregroundServiceType
		ADDED from src/main/AndroidManifest.xml:182:13-53
	android:name
		ADDED from src/main/AndroidManifest.xml:179:13-55
intent-filter#action:name:org.owntracks.android.CHANGE_MONITORING+action:name:org.owntracks.android.CLEAR_NOTIFICATIONS+action:name:org.owntracks.android.REREQUEST_LOCATION_UPDATES+action:name:org.owntracks.android.SEND_EVENT_CIRCULAR+action:name:org.owntracks.android.SEND_LOCATION_USER
ADDED from src/main/AndroidManifest.xml:185:13-191:29
action#org.owntracks.android.CLEAR_NOTIFICATIONS
ADDED from src/main/AndroidManifest.xml:186:17-84
	android:name
		ADDED from src/main/AndroidManifest.xml:186:25-81
action#org.owntracks.android.SEND_LOCATION_USER
ADDED from src/main/AndroidManifest.xml:187:17-83
	android:name
		ADDED from src/main/AndroidManifest.xml:187:25-80
action#org.owntracks.android.SEND_EVENT_CIRCULAR
ADDED from src/main/AndroidManifest.xml:188:17-84
	android:name
		ADDED from src/main/AndroidManifest.xml:188:25-81
action#org.owntracks.android.REREQUEST_LOCATION_UPDATES
ADDED from src/main/AndroidManifest.xml:189:17-91
	android:name
		ADDED from src/main/AndroidManifest.xml:189:25-88
action#org.owntracks.android.CHANGE_MONITORING
ADDED from src/main/AndroidManifest.xml:190:17-82
	android:name
		ADDED from src/main/AndroidManifest.xml:190:25-79
receiver#org.owntracks.android.support.receiver.StartBackgroundServiceReceiver
ADDED from src/main/AndroidManifest.xml:194:9-204:20
	android:enabled
		ADDED from src/main/AndroidManifest.xml:196:13-35
	android:exported
		ADDED from src/main/AndroidManifest.xml:197:13-36
	android:name
		ADDED from src/main/AndroidManifest.xml:195:13-76
intent-filter#action:name:android.intent.action.BOOT_COMPLETED
ADDED from src/main/AndroidManifest.xml:198:13-200:29
action#android.intent.action.BOOT_COMPLETED
ADDED from src/main/AndroidManifest.xml:199:17-79
	android:name
		ADDED from src/main/AndroidManifest.xml:199:25-76
intent-filter#action:name:android.intent.action.MY_PACKAGE_REPLACED
ADDED from src/main/AndroidManifest.xml:201:13-203:29
action#android.intent.action.MY_PACKAGE_REPLACED
ADDED from src/main/AndroidManifest.xml:202:17-84
	android:name
		ADDED from src/main/AndroidManifest.xml:202:25-81
activity#org.owntracks.android.ui.status.StatusActivity
ADDED from src/main/AndroidManifest.xml:206:9-215:20
	android:parentActivityName
		ADDED from src/main/AndroidManifest.xml:211:13-61
	android:label
		ADDED from src/main/AndroidManifest.xml:209:13-58
	android:launchMode
		ADDED from src/main/AndroidManifest.xml:210:13-43
	android:exported
		ADDED from src/main/AndroidManifest.xml:208:13-36
	android:name
		ADDED from src/main/AndroidManifest.xml:207:13-53
activity#org.owntracks.android.ui.contacts.ContactsActivity
ADDED from src/main/AndroidManifest.xml:216:9-220:47
	android:clearTaskOnLaunch
		ADDED from src/main/AndroidManifest.xml:218:13-45
	android:label
		ADDED from src/main/AndroidManifest.xml:219:13-60
	android:launchMode
		ADDED from src/main/AndroidManifest.xml:220:13-44
	android:name
		ADDED from src/main/AndroidManifest.xml:217:13-57
activity#org.owntracks.android.ui.map.MapActivity
ADDED from src/main/AndroidManifest.xml:221:9-231:20
	android:clearTaskOnLaunch
		ADDED from src/main/AndroidManifest.xml:223:13-45
	android:label
		ADDED from src/main/AndroidManifest.xml:224:13-45
	android:launchMode
		ADDED from src/main/AndroidManifest.xml:225:13-44
	android:name
		ADDED from src/main/AndroidManifest.xml:222:13-47
intent-filter#action:name:android.intent.action.MAIN+category:name:android.intent.category.LAUNCHER
ADDED from src/main/AndroidManifest.xml:226:13-229:29
action#android.intent.action.MAIN
ADDED from src/main/AndroidManifest.xml:227:17-69
	android:name
		ADDED from src/main/AndroidManifest.xml:227:25-66
category#android.intent.category.LAUNCHER
ADDED from src/main/AndroidManifest.xml:228:17-77
	android:name
		ADDED from src/main/AndroidManifest.xml:228:27-74
activity#org.owntracks.android.ui.preferences.connection.ConnectionActivity
ADDED from src/main/AndroidManifest.xml:234:9-238:47
	android:clearTaskOnLaunch
		ADDED from src/main/AndroidManifest.xml:236:13-45
	android:label
		ADDED from src/main/AndroidManifest.xml:237:13-54
	android:launchMode
		ADDED from src/main/AndroidManifest.xml:238:13-44
	android:name
		ADDED from src/main/AndroidManifest.xml:235:13-73
activity#org.owntracks.android.ui.status.LogViewerActivity
ADDED from src/main/AndroidManifest.xml:240:9-244:47
	android:clearTaskOnLaunch
		ADDED from src/main/AndroidManifest.xml:242:13-45
	android:label
		ADDED from src/main/AndroidManifest.xml:243:13-59
	android:launchMode
		ADDED from src/main/AndroidManifest.xml:244:13-44
	android:name
		ADDED from src/main/AndroidManifest.xml:241:13-56
activity#org.owntracks.android.ui.welcome.WelcomeActivity
ADDED from src/main/AndroidManifest.xml:246:9-251:55
	android:screenOrientation
		ADDED from src/main/AndroidManifest.xml:251:13-52
	android:label
		ADDED from src/main/AndroidManifest.xml:249:13-45
	android:launchMode
		ADDED from src/main/AndroidManifest.xml:250:13-44
	android:configChanges
		ADDED from src/main/AndroidManifest.xml:248:13-63
	android:name
		ADDED from src/main/AndroidManifest.xml:247:13-55
uses-sdk
INJECTED from src/main/AndroidManifest.xml reason: use-sdk injection requested
INJECTED from src/main/AndroidManifest.xml
INJECTED from src/main/AndroidManifest.xml
MERGED from [io.objectbox:objectbox-android:2.8.1] AndroidManifest.xml:8:5-10:41
MERGED from [io.objectbox:objectbox-android:2.8.1] AndroidManifest.xml:8:5-10:41
MERGED from [androidx.databinding:databinding-adapters:4.1.2] AndroidManifest.xml:22:5-44
MERGED from [androidx.databinding:databinding-adapters:4.1.2] AndroidManifest.xml:22:5-44
MERGED from [androidx.databinding:databinding-runtime:4.1.2] AndroidManifest.xml:22:5-44
MERGED from [androidx.databinding:databinding-runtime:4.1.2] AndroidManifest.xml:22:5-44
MERGED from [androidx.databinding:viewbinding:4.1.2] AndroidManifest.xml:20:5-44
MERGED from [androidx.databinding:viewbinding:4.1.2] AndroidManifest.xml:20:5-44
MERGED from [com.takisoft.preferencex:preferencex:1.1.0] AndroidManifest.xml:5:5-7:41
MERGED from [com.takisoft.preferencex:preferencex:1.1.0] AndroidManifest.xml:5:5-7:41
MERGED from [androidx.preference:preference:1.1.1] AndroidManifest.xml:20:5-22:41
MERGED from [androidx.preference:preference:1.1.1] AndroidManifest.xml:20:5-22:41
MERGED from [com.mikepenz:materialdrawer:6.1.2] AndroidManifest.xml:7:5-9:41
MERGED from [com.mikepenz:materialdrawer:6.1.2] AndroidManifest.xml:7:5-9:41
MERGED from [com.mikepenz:materialize:1.2.1] AndroidManifest.xml:7:5-9:41
MERGED from [com.mikepenz:materialize:1.2.1] AndroidManifest.xml:7:5-9:41
MERGED from [com.google.android.material:material:1.3.0] AndroidManifest.xml:20:5-44
MERGED from [com.google.android.material:material:1.3.0] AndroidManifest.xml:20:5-44
MERGED from [androidx.work:work-runtime:2.5.0] AndroidManifest.xml:21:5-23:41
MERGED from [androidx.work:work-runtime:2.5.0] AndroidManifest.xml:21:5-23:41
MERGED from [org.conscrypt:conscrypt-android:2.5.1] AndroidManifest.xml:7:5-9:41
MERGED from [org.conscrypt:conscrypt-android:2.5.1] AndroidManifest.xml:7:5-9:41
MERGED from [com.google.android.gms:play-services-maps:17.0.0] AndroidManifest.xml:20:5-44
MERGED from [com.google.android.gms:play-services-maps:17.0.0] AndroidManifest.xml:20:5-44